nohup: ignoring input
Redis connected
redisSuperNode connected
Redis connected
Redis connected
redisSuperNode connected
⚡️[server]: Server is running at http://localhost:3025
Redis connected
⚡️[server]: Server is running at http://localhost:3025
Redis connected
redisSuperNode connected
redisSuperNode connected
⚡️[server]: Server is running at http://localhost:3025
Redis connected
Redis connected
Redis connected
⚡️[server]: Server is running at http://localhost:3025
Redis connected
redisSuperNode connected
Redis connected
::ffff:103.48.56.67
::ffff:103.48.56.67 clientIpclientIpclientIp
undefined originoriginoriginorigin
::ffff:103.48.56.67
::ffff:103.48.56.67 clientIpclientIpclientIp
undefined originoriginoriginorigin
::ffff:103.48.56.67
::ffff:103.48.56.67 clientIpclientIpclientIp
undefined originoriginoriginorigin
New connection: AJ7XnKFAd8YP-ZmTAAAB
New connection: 1UmB_zPxBZmKxNLBAAAB
New connection: 19aNbiA64hyflHhqAAAB
New connection: YceIRJnzZN00k5nOAAAB
New connection: az9LSP4JYEeAa6P2AAAD
New connection: VvklN7vEXa4sL4tcAAAD
New connection: lRS_Rk1vY7e6OOnSAAAD
New connection: x4vhlZi-V0Ygu2IxAAAD
New connection: N1YLcEK-0dYoT2z4AAAF
New connection: Wa5zcvfLsGTG05VxAAAF
New connection: bYEDql9Tt8dhN_dlAAAF
New connection: 0sj7GsC4Bn8FqsxnAAAF
New connection: MGPZCgXWeMdXsBIcAAAH
New connection: _H_WY066tZdJpOixAAAH
New connection: 8VzXs4E3CEhAKgwnAAAH
New connection: ljUYBO1eToRQ_2XRAAAH
New connection: 2PRKoqpZyGLFlsQyAAAJ
New connection: eCdlIg7WRi3J2dKtAAAJ
New connection: BVlR7L2RLiNTC8xXAAAJ
New connection: g0vY-yyhmbJDO-MfAAAJ
New connection: L0tF6lsIeTNk0RA-AAAL
New connection: BI9Z-kZBA9RUl3LmAAAL
New connection: VnB-qCXTD8eUEf66AAAL
New connection: jiNpb5eAieT8lA4xAAAN
New connection: O5lTxyIaq3SJ1vWKAAAL
New connection: Ylhh8RMIYiX0R5RUAAAN
New connection: D8cf2G1McLpSKwQ-AAAN
New connection: OnktgMMsjqAU-w8GAAAN
New connection: mBmYeZOUHav0LRNUAAAP
New connection: veFgAULSDMCEf0b9AAAP
New connection: nTYjc6MuLuFttIIZAAAP
New connection: Y4QzCBJ4G07Nx6JPAAAP
New connection: OS5nZVOof-HIjE8VAAAR
New connection: rOxFSA1F2QoZMIeQAAAR
New connection: wGZH_hfspXvwmefrAAAR
New connection: uR8iLCUrvLhNEk0uAAAR
New connection: DsLuvh0Av7sq-trsAAAT
New connection: gPGz2lrH5OaCB3mUAAAT
New connection: 9AI9ym2wFzk19YMaAAAT
New connection: -Tdq0-R3dz5Z6fa3AAAT
New connection: 0EKh6a4deY5QZ9BCAAAV
New connection: E4TuAPoOe3406qM6AAAV
New connection: MEdbtSDaSONAa-aVAAAV
New connection: -jeMDh5Nm4UBrwzdAAAV
New connection: rbUu9ziwXgaYkrmvAAAX
New connection: YzHokrgX7pClgjWWAAAX
New connection: dQ3-h8l6z9_yDToSAAAX
New connection: _C6COlbV7j8zT5a0AAAX
New connection: m0IVCj_3AkXx7y3FAAAZ
New connection: YcQwGXw0zlH6E5hTAAAZ
New connection: axc_BbvfswGIDJ-zAAAZ
New connection: -MT-okpslFXsZf5GAAAZ
New connection: ORqYipvTLZTbe--4AAAb
New connection: jYKHzL6iI1mM9rgxAAAb
New connection: s_Ki42c_FtJha8rsAAAb
New connection: Zi9ZrwMdsWtEby0tAAAb
New connection: 0mD9YL6N1WXBsAnfAAAd
New connection: mCTJYMJTo9ZFJChLAAAd
New connection: 1rUWVSTilnabdE1GAAAd
New connection: 3z5pekxIE2WdVnxkAAAd
New connection: FDWF2upqhxV61XfhAAAf
New connection: Y0fMhzOlht6UW0jcAAAf
New connection: yHME6bRvWQez3biaAAAf
New connection: EB2PbiUrAOdpskDAAAAf
New connection: MDsi5_XuIxrAmYt_AAAh
New connection: FsCfOP5tQx4bv_f3AAAh
New connection: e96P9JbOwDZJb9axAAAh
New connection: OmjxbmC4pKFdNZq8AAAh
New connection: Oju70_ntEIuGg4pmAAAj
New connection: r4Zszpk2os2PbZIuAAAj
New connection: N52sZbV93sr_gZJgAAAj
New connection: -y_63JvOwmYHhtYrAAAj
New connection: 5riHjoL7qP8NxqyXAAAl
New connection: xon3teLXsXIm7zQpAAAl
New connection: I5lSQ1H45Y8IJMyFAAAl
New connection: toA9sECiTg2r6uH_AAAl
New connection: 5Z4aOKIfdQU_0p1bAAAn
New connection: kFxOMdF84Aq54dYqAAAn
New connection: t03fZSK70haujMXKAAAn
New connection: p9AOqrkwuDWNpgFrAAAn
New connection: H1Vlevd9vA9LKPYTAAAp
New connection: zf9flC-DHedIGzFbAAAp
New connection: JOU3KO08Y_Gv2EUTAAAp
New connection: Uo0kqVjfCTxuO6OpAAAp
New connection: 702perhTZRYmWSCjAAAr
New connection: gpb2wV5OE_Pno4JfAAAr
New connection: L3xIh_12gBO0St3CAAAr
New connection: MjvH9slyK7OK6aeIAAAr
New connection: YK8tZtUKNg3O-nKAAAAt
New connection: _KKZwjSOwBT4HZHDAAAt
New connection: XP0e5gbsug9FUeF9AAAt
New connection: tg9CTS05vNdkdFn3AAAv
New connection: B0ZG723ZSFkOiaHjAAAv
New connection: Cc9kS-J2XranjCYBAAAu
New connection: ix3QDfNX7A03pZCtAAAw
New connection: M0Nhi-MklSBWSeuIAAAx
New connection: YUhobOKqYQU_ReJqAAAx
New connection: SwCycmaGQVWOtlzmAAAw
New connection: Jgn7I0calsfKJ24uAAAy
New connection: h2Hz0y2FZmsY3TM3AAAz
New connection: KphACodWUDWXnicMAAAz
New connection: LjHRPkRPtQuFhLuuAAAy
New connection: 0Yr3GF1wHuVfMr8pAAA0
New connection: -U46PWhax8a6BCtwAAA1
New connection: YtiMt8vGotcMPHzLAAA1
New connection: IsxPG9Uq0UYqAJU-AAA0
New connection: Lkzs1u5MnvLpxSwGAAA2
New connection: OXTBlLQFN5d0oe_6AAA3
New connection: iqXvRM1RsAVvSjBgAAA3
New connection: mijh-niTNbMTKLP1AAA2
New connection: NDDgUFUO6_nXVSUDAAA4
New connection: l86UmGt2DstLQq3sAAA5
New connection: P-2xtffNjshdErTEAAA5
New connection: TxDcm4LXl7HbS0sNAAA4
New connection: gevtf0PBAhzaGBY5AAA6
New connection: P2gJAdC1T811hjvIAAA7
New connection: MWEDaBdo00vSCRpYAAA7
New connection: Drnzg7GYAnbmiQsIAAA6
New connection: Oj3-4AcAk92CAAtTAAA8
New connection: raLH-5kZxQlnql2TAAA9
New connection: aR20II7Bd5oRxYCQAAA9
New connection: 1a2IOmrAN4h5wcFCAAA8
New connection: LLtXcdrtYDUTSr-FAAA-
::ffff:103.48.56.67
::ffff:103.48.56.67 clientIpclientIpclientIp
undefined originoriginoriginorigin
New connection: 44buwMx1NsIQYE28AABA
New connection: D-biBOahWvRSrIhIAAA-
New connection: wZWF5QPpYIWXiofqAAA_
New connection: B_mTc6pT1T3J0RguAAA_
New connection: qPWDIGUWbUlNmnNGAABA
New connection: HxckotZMUq8HbzFNAABC
New connection: ZIyIkA0S_p-e9AiLAABB
New connection: P-RHizXA4GkAh6FwAABB
New connection: Ti8czjlqr4JCWtp5AABC
New connection: IB74rDPYyZoEFmzrAABE
New connection: fY3YbHCWXREJNeBhAABD
New connection: TMpje018SevXcsP6AABD
New connection: dCkYrkeSo5EINk7HAABE
New connection: e7A9m3gwqxnuKjm2AABG
New connection: 4E0VvEJTQSzYd6VtAABF
New connection: S9ik0Nr9EV6ZABMHAABF
New connection: V9xR5kmkuZ7Y54oVAABG
New connection: tMCHJcisBLCLy4zXAABI
New connection: xt0a7Be-SNT0R85TAABH
New connection: 8raQ0Q8VM0ZcUJovAABH
New connection: _bfRIjvHCn_ZiB9iAABI
New connection: E5gcdvESMpx4w0fdAABK
New connection: 4cjd7xouCYdXrmGsAABJ
New connection: YqPmpwzt2a9RuRRNAABJ
New connection: PjWMvZLQs8tXB0avAABK
New connection: Klo-weyGyCKkl9pCAABM
New connection: mYelaxPovUFrXYyKAABL
New connection: QQrUZroT0lsR1HSxAABL
New connection: UJ7hbmXAuXJWXeKSAABM
New connection: keJ6mCauJocRIqQHAABO
New connection: sLgA5OlLTMscyzsYAABN
New connection: Usf66DY6gEAcNln4AABN
New connection: 7mvzS26G-KOgjNoNAABO
New connection: P2SL4CmUa5qLDhFpAABQ
New connection: NJ2NOjMkgtGpovjhAABP
New connection: 2i4Z5gCc-xuRLm22AABP
New connection: RDxbMsBmqwFvNhg4AABQ
New connection: QdI7Eiwo44KacdkYAABS
New connection: hrKPbQXMGdp_8158AABR
New connection: jwI8PSFYKarOmosbAABR
New connection: fbCS_9Qi1TNMafAJAABS
New connection: 4NLEAiAMcs4Q20mSAABU
New connection: VHlyNPQRArG6KoVPAABT
New connection: xWdBRRCFwQRm2xWjAABT
New connection: AYnBnJLkydRIHP84AABU
New connection: 9w4g1q32psahtCrzAABV
New connection: 7eTCOqju5DIozEfUAABV
New connection: WXZ-_XcrdbxyilcrAABW
New connection: _uiiLgX9jSGh373nAABW
New connection: TtppLsL13vuF363ZAABY
New connection: xl1rGG9S7tPXsGkTAABX
New connection: 94c-iF8Fw5TNlenaAABX
New connection: aeYcrLE1uUZcVNxqAABY
New connection: KzvSLq-Qgy-uJeu0AABa
New connection: muzdEdCwdf-n9MByAABZ
New connection: Z7YRM-9qT0Nzz6MhAABZ
New connection: V_6cIrY8XToUbvk8AABa
New connection: RV8WR69eW1RCmx1aAABc
New connection: Whe5OwGRUEadU0huAABb
New connection: kVJmnDBmLsTg2zysAABb
New connection: 969A_W_vkltePEOMAABc
New connection: mMC_9sFssJqDAz6eAABe
New connection: k6ORLEf7PN4DnQ_MAABd
New connection: k3JXB6lFiXI_HhlrAABd
New connection: alwu_azoswRPGsqzAABe
New connection: 6SzKUpaxCjIVy2RVAABg
New connection: jPI6wazyI3VK62nFAABf
New connection: HjlLckmTaygwG-4CAABf
New connection: -6CqUkNFYtqP3K46AABg
New connection: woOwgmU-S9EopJeRAABi
New connection: KOTnkGr6f_MdbT5qAABh
New connection: Un2sMp8Kbse30qcWAABh
New connection: ZPKc0CFG0HiiBPaaAABi
New connection: Iw_5cjiYe6IDvAAoAABk
New connection: e1yeunqad63ehOVSAABj
New connection: KLWg41p_3I9ykarzAABj
New connection: qiJpd0oZowloLop7AABk
New connection: HusRJQnOBMnV42xqAABm
New connection: JX-AxYZoiV7fm06gAABl
New connection: f1hfbys78oQTpri6AABl
New connection: KkdxIrG_0vKxKeqtAABm
New connection: JUFC2DOxi-VTWckQAABo
New connection: B0eirBM0fNaRm5LpAABn
New connection: u8ttaDJko1H5WNN9AABo
New connection: 032udb0y_OIrlTY3AABn
New connection: -zxKPhTuL1hDn2IeAABq
New connection: oYuFH5dpFt5gz6WfAABp
New connection: lmYGDxbSabcq4mLCAABp
New connection: FMnAi5WAq_XK8HABAABq
New connection: LJNOHrsLtzdrswOkAABs
New connection: 3JrgO5SCD1Lb6L3eAABr
New connection: -_gP0RrZ2LcEO_c-AABr
New connection: _F_c5l3WLLIL-3__AABs
New connection: yScJIdsMFbQlSo2aAABu
New connection: cItT--fq5mMEZJ8GAABt
New connection: Kd6fEmEgFGlOyPH8AABt
New connection: XKHUwkZt-1YA1GMvAABu
New connection: I3_VFty56vyG-BQ2AABw
New connection: s_uQZ9hCYmTsX5RLAABv
New connection: 7wvhTeoROtUPwBz9AABv
New connection: 89cFgYpVAaMJgcGEAABw
New connection: W5dgvT_uvL-p9kQqAABy
New connection: 4U36w9NJrqism2xBAABx
New connection: FoH59Qw5v2LABycLAABx
New connection: t9VUqa4--XJ95TN8AABy
New connection: g9bLsJ-Het1Xvkg3AAB0
New connection: C7atv0bC_DNFEluBAABz
New connection: YKpaxCiBVpPNFkWKAABz
New connection: kLUoz6YyS3tWyP4jAAB0
New connection: T5FuKoZ1BOksl0yPAAB2
New connection: XMjMoUFPvp-sp5tcAAB1
New connection: 5IdmtfxvH7WqlKdgAAB1
New connection: syE6QMkmzHTJKbxvAAB2
New connection: OBIipE-GvYj7M0eOAAB4
New connection: TPYVQn5qGdKfqhKTAAB3
New connection: wNuUq1roj6LkKosCAAB3
New connection: 4rfUajbBqUySr35jAAB4
New connection: xhuzuRUS9An8-ZJ1AAB6
New connection: WsiwLbpSyV6isEmDAAB5
New connection: ZnIDCsXhK2Y2EEXdAAB5
New connection: yUxw6j5Zsd2lME_vAAB6
New connection: C9doWPyn5Q_GjSD8AAB8
New connection: K9KiO1FwL1BtDTYTAAB7
New connection: Oyvhzi5eS7OoasoPAAB7
New connection: tj3f6eShM1tpC6TcAAB8
New connection: sxvxNuEzy6kp_mhBAAB-
New connection: uBwRJBIVmfcM4kC_AAB9
New connection: pm0WffiLRM3xjWjeAAB9
New connection: xt-N1SHpkAb9aUi_AAB-
New connection: dXT185VwjE0UBiOxAACA
New connection: y22XnziAS5tqtbdrAAB_
New connection: PCTtMlOZB_oJ45ndAAB_
New connection: VNjlM40VAWXfnPWEAACC
New connection: VKD-ALoSvsiVTQmWAACA
New connection: XU_mKT1xU2eBjpNYAACB
New connection: t_Mu2UdXixhmxk7iAACB
New connection: Ad629NC6PJspjIpxAACC
New connection: 6ABodpy1VU6yMoKQAACE
New connection: 4K_uSzcwduSmjvBdAACD
New connection: cuTst42zqhTALzbsAACD
New connection: Mzywu4X1XykoPYwFAACE
New connection: hjfvt6IJLpC7EODmAACG
New connection: 7H0lkqKJMI3dKSaMAACF
New connection: MKfScx5pXIF_wNfrAACF
New connection: -M_jWXqTilbXmo8yAACG
New connection: c5zXH11QWYWsI3FJAACI
New connection: A7vspeaed111xpJUAACH
New connection: BZbmGj9fSluG6uayAACH
New connection: pU_jGPW0cNt4IlsKAACI
New connection: vqFQ-DFGU-Ap2-7RAACK
New connection: QeMceruzGh1Oh4_sAACJ
New connection: vwtAeWWuJKWrnItYAACJ
New connection: UPqqK3KJ1RoVxrc4AACK
New connection: O15aRSBq3d04Wj5zAACM
New connection: ab4ce36FvGDQk44RAACL
New connection: H3bj6eo8tzH3e1MiAACL
New connection: TH512AD1aKJAv4RKAACM
New connection: 98lPFqrXSCEgbVByAACO
New connection: U25EPpHgvS3JoubSAACN
New connection: wDaLI8tOtd-qzDqFAACN
New connection: j8LEUD7niJrZ9E8iAACO
New connection: rfDvANusOBFXb-hpAACQ
New connection: y4N0V8ZCi0k2opIRAACP
New connection: LCHV0vvTkTzEEqceAACP
New connection: 4VLlhBxlO4opseDpAACQ
New connection: epiDjuldAyD1X1vHAACS
New connection: UimPnIFHyCjps6qFAACR
New connection: CvqdSkXBF5PF2bYiAACR
New connection: eFbwEpLjLpRO-HY7AACU
New connection: BsH5IEgs_xE9eGZaAACS
New connection: LeDEpF-CM_NQRRVeAACT
New connection: YMwmx9sMxiKCxhBNAACT
New connection: xpgrVuXz-HK3-7BmAACU
New connection: te8teMn1h8dpHNsHAACW
New connection: dl-QyOrLhGgt76SnAACV
New connection: B9lfu6clFXsoyEXzAACV
New connection: zMXgBr7gyS_-1BvqAACW
New connection: CkTAl31Euj9UzA44AACY
New connection: aqVseaY78DEvzchVAACX
New connection: zzkSq0q-e7dkjeqkAACX
New connection: s1T-0bikA8ZT9YBRAACY
New connection: kMrBDPaW4sXIS8LBAACa
New connection: nqLmLyEIHriP_TfMAACZ
New connection: wp7XydsnqP2GunmHAACZ
New connection: fqqswMnHxz74E1IzAACa
New connection: YnJ8nVRKNMLjLIwnAACc
New connection: XxDH7mv3ri7py00GAACb
New connection: 1DqPVLxTiVwfdf3mAACc
New connection: QRIiWSYXdYwIN4SnAACb
New connection: Y2Bjo4uY59Hx-WgRAACe
New connection: of2_JcXeOsdA0NXRAACd
New connection: rLZsWG_FuG8BdAAoAACf
New connection: K_-l_WalwXiCzbA2AACe
New connection: 2mEmuN0fYSQcIxUiAACf
New connection: HjCh8lh-j2QWXVlEAACf
New connection: _0KeJ9Gc5_LAZk0iAACg
New connection: MMKv9Q1dSC6PMiy-AACg
New connection: pq3DF7EJh86S1MSFAACi
New connection: SB_qTd5hOqzH-KptAACh
New connection: Jkq0G5_d1nCBHLZTAACh
New connection: kYE8hff6WNr-7NaXAACi
New connection: K9zYFeeFDGeC92onAACk
New connection: 3BwjCDbXQ5st8o_EAACj
New connection: EWZKvW8NvYTnPSEAAACj
New connection: 6xpUrkaM0PzA7HgXAACk
New connection: e_cvCofIu2sWPPcgAACm
New connection: WfEmfjiTEcPEesDIAACl
New connection: cBJdlShRxFRuvFgRAACl
New connection: mDmBiqMwMhNa9YxKAACm
New connection: qWTRO7vM408l3ifHAACo
New connection: IsjosCOzghdU0HTAAACn
New connection: hqAUhUNh_xy7e0aSAACn
New connection: DW935PJ54MO5SbInAACo
New connection: hpwQHzGvDUs9bC7uAACq
New connection: ph7C5RyOEsE6CuSzAACp
New connection: 0vOWfCv6Qslzf0aEAACp
New connection: AE5jVEa-IqMWf3BQAACq
New connection: cqVVjSPbL0IxPNb4AACs
New connection: XXuqSKiJtWk6uqbUAACr
New connection: VBAAqaabGgBjq3hDAACr
New connection: 8q4bTKcgOmakJG8wAACu
New connection: uPJDG3LZ52EMTSoPAACs
New connection: k3ZoX-zpqI2fuGTWAACt
New connection: BrS7moYVYNVSuRMaAACu
New connection: kK3BqOHt7oLAQY99AACt
New connection: pFQImVhh8FZ2buXJAACw
New connection: Xtwug9s6nddvrQDlAACv
New connection: HORyxLMtGYbsIE7RAACv
New connection: mX8B4xvTmvdtvnH2AACw
New connection: M5tGwTvzMeI_YxFhAACy
New connection: JTetPYFfjUhinFbqAACx
New connection: qJTJf2FCTOcBvRaxAACx
New connection: K6wE00jwibC_fzzsAACy
New connection: G3YvbiZXF69w09O3AAC0
New connection: 6LBrIHDpMtMJ-RIqAACz
New connection: 8ujCmmxVFw5s_FP1AACz
New connection: IAuWZu4kn5bSmmHiAAC2
New connection: rMhVQj1Ulbb6U3DQAAC1
New connection: hZ1PvHowZV_7XjwAAAC1
New connection: TKVby-6Eflfs2M-0AAC1
New connection: 8OWpVHtrSHw3UufAAAC4
New connection: itK_VYRgs0N1xjMEAAC3
New connection: pjHRpD08BjkJGtmXAAC3
New connection: 83VsJddArHzFkhscAAC3
